CASE & \multicolumn{2}{|c|}{SSD} & \multicolumn{2}{|c|}{NCC} & \multicolumn{2}{|c|}{ASW} & \multicolumn{2}{|c|}{SSD_10} & \multicolumn{2}{|c|}{NCC_10} \\ \hline
Aloe & 0.255 & 0.266 & 0.241 & 0.248 & 0.219 & 0.230 & 0.422 & 0.421 & 0.242 & 0.248 \\ \hline
Baby1 & 0.337 & 0.333 & 0.207 & 0.208 & 0.349 & 0.345 & 0.752 & 0.807 & 0.229 & 0.219 \\ \hline
Baby2 & 0.390 & 0.395 & 0.286 & 0.294 & 0.414 & 0.422 & 0.746 & 0.779 & 0.308 & 0.306 \\ \hline
Baby3 & 0.433 & 0.431 & 0.293 & 0.286 & 0.459 & 0.452 & 0.825 & 0.829 & 0.312 & 0.295 \\ \hline
Bowling1 & 0.693 & 0.696 & 0.400 & 0.400 & 0.701 & 0.709 & 0.886 & 0.900 & 0.457 & 0.443 \\ \hline
Bowling2 & 0.510 & 0.510 & 0.309 & 0.308 & 0.491 & 0.492 & 0.800 & 0.811 & 0.338 & 0.325 \\ \hline
Cloth1 & 0.112 & 0.094 & 0.113 & 0.094 & 0.104 & 0.085 & 0.194 & 0.161 & 0.114 & 0.095 \\ \hline
Cloth2 & 0.322 & 0.326 & 0.200 & 0.207 & 0.308 & 0.312 & 0.570 & 0.578 & 0.223 & 0.228 \\ \hline
Cloth3 & 0.166 & 0.150 & 0.154 & 0.136 & 0.148 & 0.131 & 0.443 & 0.405 & 0.156 & 0.138 \\ \hline
Cloth4 & 0.233 & 0.252 & 0.199 & 0.216 & 0.223 & 0.241 & 0.463 & 0.482 & 0.283 & 0.296 \\ \hline
Flowerpots & 0.593 & 0.596 & 0.394 & 0.395 & 0.595 & 0.596 & 0.944 & 0.939 & 0.426 & 0.410 \\ \hline
Lampshade1 & 0.606 & 0.597 & 0.457 & 0.448 & 0.616 & 0.606 & 0.894 & 0.905 & 0.497 & 0.474 \\ \hline
Lampshade2 & 0.735 & 0.728 & 0.469 & 0.450 & 0.741 & 0.737 & 0.932 & 0.941 & 0.537 & 0.500 \\ \hline
Midd1 & 0.627 & 0.625 & 0.576 & 0.574 & 0.620 & 0.620 & 0.804 & 0.793 & 0.588 & 0.582 \\ \hline
Midd2 & 0.712 & 0.719 & 0.571 & 0.575 & 0.707 & 0.713 & 0.791 & 0.781 & 0.588 & 0.586 \\ \hline
Monopoly & 0.673 & 0.661 & 0.473 & 0.457 & 0.717 & 0.712 & 0.573 & 0.565 & 0.498 & 0.473 \\ \hline
Plastic & 0.818 & 0.826 & 0.684 & 0.685 & 0.817 & 0.826 & 0.913 & 0.908 & 0.706 & 0.698 \\ \hline
Rocks1 & 0.250 & 0.244 & 0.189 & 0.183 & 0.253 & 0.246 & 0.592 & 0.575 & 0.191 & 0.183 \\ \hline
Rocks2 & 0.241 & 0.225 & 0.186 & 0.170 & 0.246 & 0.231 & 0.565 & 0.545 & 0.186 & 0.170 \\ \hline
Wood1 & 0.415 & 0.406 & 0.248 & 0.233 & 0.440 & 0.432 & 0.868 & 0.878 & 0.255 & 0.238 \\ \hline
Wood2 & 0.494 & 0.496 & 0.235 & 0.242 & 0.518 & 0.513 & 0.908 & 0.914 & 0.264 & 0.259 \\ \hline
